<?xml version="1.0" encoding="UTF-8"?>

<article>

    <title>
        Test Article A
    </title>

    <section>
        This is the First Test Article
    </section>

    <paragraph>
        Lorem ipsum dolor sit amet, consectetur adipiscing elit. Praesent blandit tempus egestas.
        Duis tincidunt ornare dui sed mollis. Duis ornare mi ut odio efficitur porttitor ac non
        arcu. In semper faucibus maximus. Pellentesque vel ipsum vitae arcu eleifend fermentum.
        Proin aliquam purus elit, a interdum erat fermentum at. Aliquam turpis neque, interdum in
        finibus quis, vehicula a ligula.
    </paragraph>

    <paragraph>
        Curabitur accumsan enim nec lacus sollicitudin gravida eu quis eros. Donec vitae ipsum et
        nisi dignissim cursus in eget erat. Donec lorem ligula, malesuada quis quam a, faucibus
        iaculis nunc. Fusce sollicitudin maximus sem ut lobortis. Praesent nec nulla ac eros
        ultrices blandit. Sed nec lectus vel leo malesuada consectetur. Cras ac feugiat ante, sed
        hendrerit mi.
    </paragraph>

    <paragraph>
        Morbi eget risus tincidunt, rhoncus risus eu, tristique risus.
        Nulla orci leo, efficitur at vestibulum et, gravida suscipit
        nulla. Ut enim mi, malesuada nec scelerisque a, tristique vitae
        augue. Morbi tincidunt turpis sit amet nibh iaculis aliquet.
        Nulla egestas urna nec varius volutpat. Sed gravida orci at
        tellus sollicitudin, sed rhoncus mi varius. Mauris eget
        condimentum est, vel dapibus neque. Fusce pretium a orci ut
        sagittis. Vestibulum a ullamcorper sem, id mollis tortor.
        Curabitur ut nibh at justo consectetur pretium eget eget orci.
        Nunc et orci quis odio consequat porta non sed felis. Vivamus
        vel blandit enim, sit amet congue urna. Etiam nisi orci,
        vestibulum sit amet dolor ac, pretium consectetur nunc.
    </paragraph>

    <paragraph>
        Etiam ut nunc sit amet sem maximus hendrerit. Ut aliquet euismod
        augue, vitae aliquet mauris tempus a. Ut sed enim efficitur,
        tristique massa eget, luctus turpis. Donec lectus odio, ornare
        in purus egestas, vestibulum ullamcorper dolor. Aliquam metus
        metus, mollis vel efficitur sed, pellentesque ac ex. Ut
        venenatis, ligula at sagittis cursus, magna risus varius velit,
        eu luctus justo nibh non felis. Quisque a sem eget metus
        vulputate egestas. Etiam est turpis, pulvinar eu enim vitae,
        dapibus efficitur enim.
    </paragraph>

</article>